<?xml version="1.0" encoding="UTF-8"?>
<testsuite xmlns:xsi="http://www.w3.org/2001/XMLSchema-instance" xsi:noNamespaceSchemaLocation="https://maven.apache.org/surefire/maven-surefire-plugin/xsd/surefire-test-report.xsd" name="com.lca.analyzerlcaspring.AnalyzerLcaSpringApplicationTests" time="2.41" tests="1" errors="0" skipped="0" failures="0">
  <properties>
    <property name="java.specification.version" value="17"/>
    <property name="sun.jnu.encoding" value="UTF-8"/>
    <property name="java.class.path" value="/home/quang2652001/Quang/self-study/analyzer-lca/analyzer-engine/target/test-classes:/home/quang2652001/Quang/self-study/analyzer-lca/analyzer-engine/target/classes:/home/quang2652001/.m2/repository/org/springframework/boot/spring-boot-starter-actuator/2.7.0/spring-boot-starter-actuator-2.7.0.jar:/home/quang2652001/.m2/repository/org/springframework/boot/spring-boot-starter/2.7.0/spring-boot-starter-2.7.0.jar:/home/quang2652001/.m2/repository/org/springframework/boot/spring-boot/2.7.0/spring-boot-2.7.0.jar:/home/quang2652001/.m2/repository/org/springframework/boot/spring-boot-autoconfigure/2.7.0/spring-boot-autoconfigure-2.7.0.jar:/home/quang2652001/.m2/repository/org/springframework/boot/spring-boot-starter-logging/2.7.0/spring-boot-starter-logging-2.7.0.jar:/home/quang2652001/.m2/repository/ch/qos/logback/logback-classic/1.2.11/logback-classic-1.2.11.jar:/home/quang2652001/.m2/repository/ch/qos/logback/logback-core/1.2.11/logback-core-1.2.11.jar:/home/quang2652001/.m2/repository/org/apache/logging/log4j/log4j-to-slf4j/2.17.2/log4j-to-slf4j-2.17.2.jar:/home/quang2652001/.m2/repository/org/apache/logging/log4j/log4j-api/2.17.2/log4j-api-2.17.2.jar:/home/quang2652001/.m2/repository/org/slf4j/jul-to-slf4j/1.7.36/jul-to-slf4j-1.7.36.jar:/home/quang2652001/.m2/repository/jakarta/annotation/jakarta.annotation-api/1.3.5/jakarta.annotation-api-1.3.5.jar:/home/quang2652001/.m2/repository/org/yaml/snakeyaml/1.30/snakeyaml-1.30.jar:/home/quang2652001/.m2/repository/org/springframework/boot/spring-boot-actuator-autoconfigure/2.7.0/spring-boot-actuator-autoconfigure-2.7.0.jar:/home/quang2652001/.m2/repository/org/springframework/boot/spring-boot-actuator/2.7.0/spring-boot-actuator-2.7.0.jar:/home/quang2652001/.m2/repository/com/fasterxml/jackson/datatype/jackson-datatype-jsr310/2.13.3/jackson-datatype-jsr310-2.13.3.jar:/home/quang2652001/.m2/repository/io/micrometer/micrometer-core/1.9.0/micrometer-core-1.9.0.jar:/home/quang2652001/.m2/repository/org/hdrhistogram/HdrHistogram/2.1.12/HdrHistogram-2.1.12.jar:/home/quang2652001/.m2/repository/org/latencyutils/LatencyUtils/2.0.3/LatencyUtils-2.0.3.jar:/home/quang2652001/.m2/repository/org/springframework/boot/spring-boot-starter-data-jpa/2.7.0/spring-boot-starter-data-jpa-2.7.0.jar:/home/quang2652001/.m2/repository/org/springframework/boot/spring-boot-starter-aop/2.7.0/spring-boot-starter-aop-2.7.0.jar:/home/quang2652001/.m2/repository/org/springframework/spring-aop/5.3.20/spring-aop-5.3.20.jar:/home/quang2652001/.m2/repository/org/aspectj/aspectjweaver/1.9.7/aspectjweaver-1.9.7.jar:/home/quang2652001/.m2/repository/org/springframework/boot/spring-boot-starter-jdbc/2.7.0/spring-boot-starter-jdbc-2.7.0.jar:/home/quang2652001/.m2/repository/com/zaxxer/HikariCP/4.0.3/HikariCP-4.0.3.jar:/home/quang2652001/.m2/repository/org/springframework/spring-jdbc/5.3.20/spring-jdbc-5.3.20.jar:/home/quang2652001/.m2/repository/jakarta/transaction/jakarta.transaction-api/1.3.3/jakarta.transaction-api-1.3.3.jar:/home/quang2652001/.m2/repository/jakarta/persistence/jakarta.persistence-api/2.2.3/jakarta.persistence-api-2.2.3.jar:/home/quang2652001/.m2/repository/org/hibernate/hibernate-core/5.6.9.Final/hibernate-core-5.6.9.Final.jar:/home/quang2652001/.m2/repository/org/jboss/logging/jboss-logging/3.4.3.Final/jboss-logging-3.4.3.Final.jar:/home/quang2652001/.m2/repository/net/bytebuddy/byte-buddy/1.12.10/byte-buddy-1.12.10.jar:/home/quang2652001/.m2/repository/antlr/antlr/2.7.7/antlr-2.7.7.jar:/home/quang2652001/.m2/repository/org/jboss/jandex/2.4.2.Final/jandex-2.4.2.Final.jar:/home/quang2652001/.m2/repository/com/fasterxml/classmate/1.5.1/classmate-1.5.1.jar:/home/quang2652001/.m2/repository/org/hibernate/common/hibernate-commons-annotations/5.1.2.Final/hibernate-commons-annotations-5.1.2.Final.jar:/home/quang2652001/.m2/repository/org/glassfish/jaxb/jaxb-runtime/2.3.6/jaxb-runtime-2.3.6.jar:/home/quang2652001/.m2/repository/org/glassfish/jaxb/txw2/2.3.6/txw2-2.3.6.jar:/home/quang2652001/.m2/repository/com/sun/istack/istack-commons-runtime/3.0.12/istack-commons-runtime-3.0.12.jar:/home/quang2652001/.m2/repository/com/sun/activation/jakarta.activation/1.2.2/jakarta.activation-1.2.2.jar:/home/quang2652001/.m2/repository/org/springframework/data/spring-data-jpa/2.7.0/spring-data-jpa-2.7.0.jar:/home/quang2652001/.m2/repository/org/springframework/data/spring-data-commons/2.7.0/spring-data-commons-2.7.0.jar:/home/quang2652001/.m2/repository/org/springframework/spring-orm/5.3.20/spring-orm-5.3.20.jar:/home/quang2652001/.m2/repository/org/springframework/spring-context/5.3.20/spring-context-5.3.20.jar:/home/quang2652001/.m2/repository/org/springframework/spring-expression/5.3.20/spring-expression-5.3.20.jar:/home/quang2652001/.m2/repository/org/springframework/spring-tx/5.3.20/spring-tx-5.3.20.jar:/home/quang2652001/.m2/repository/org/springframework/spring-beans/5.3.20/spring-beans-5.3.20.jar:/home/quang2652001/.m2/repository/org/springframework/spring-aspects/5.3.20/spring-aspects-5.3.20.jar:/home/quang2652001/.m2/repository/com/h2database/h2/2.1.212/h2-2.1.212.jar:/home/quang2652001/.m2/repository/org/postgresql/postgresql/42.3.5/postgresql-42.3.5.jar:/home/quang2652001/.m2/repository/org/checkerframework/checker-qual/3.5.0/checker-qual-3.5.0.jar:/home/quang2652001/.m2/repository/org/springframework/boot/spring-boot-starter-test/2.7.0/spring-boot-starter-test-2.7.0.jar:/home/quang2652001/.m2/repository/org/springframework/boot/spring-boot-test/2.7.0/spring-boot-test-2.7.0.jar:/home/quang2652001/.m2/repository/org/springframework/boot/spring-boot-test-autoconfigure/2.7.0/spring-boot-test-autoconfigure-2.7.0.jar:/home/quang2652001/.m2/repository/com/jayway/jsonpath/json-path/2.7.0/json-path-2.7.0.jar:/home/quang2652001/.m2/repository/net/minidev/json-smart/2.4.8/json-smart-2.4.8.jar:/home/quang2652001/.m2/repository/net/minidev/accessors-smart/2.4.8/accessors-smart-2.4.8.jar:/home/quang2652001/.m2/repository/org/ow2/asm/asm/9.1/asm-9.1.jar:/home/quang2652001/.m2/repository/jakarta/xml/bind/jakarta.xml.bind-api/2.3.3/jakarta.xml.bind-api-2.3.3.jar:/home/quang2652001/.m2/repository/jakarta/activation/jakarta.activation-api/1.2.2/jakarta.activation-api-1.2.2.jar:/home/quang2652001/.m2/repository/org/assertj/assertj-core/3.22.0/assertj-core-3.22.0.jar:/home/quang2652001/.m2/repository/org/hamcrest/hamcrest/2.2/hamcrest-2.2.jar:/home/quang2652001/.m2/repository/org/junit/jupiter/junit-jupiter/5.8.2/junit-jupiter-5.8.2.jar:/home/quang2652001/.m2/repository/org/junit/jupiter/junit-jupiter-api/5.8.2/junit-jupiter-api-5.8.2.jar:/home/quang2652001/.m2/repository/org/opentest4j/opentest4j/1.2.0/opentest4j-1.2.0.jar:/home/quang2652001/.m2/repository/org/junit/platform/junit-platform-commons/1.8.2/junit-platform-commons-1.8.2.jar:/home/quang2652001/.m2/repository/org/apiguardian/apiguardian-api/1.1.2/apiguardian-api-1.1.2.jar:/home/quang2652001/.m2/repository/org/junit/jupiter/junit-jupiter-params/5.8.2/junit-jupiter-params-5.8.2.jar:/home/quang2652001/.m2/repository/org/junit/jupiter/junit-jupiter-engine/5.8.2/junit-jupiter-engine-5.8.2.jar:/home/quang2652001/.m2/repository/org/junit/platform/junit-platform-engine/1.8.2/junit-platform-engine-1.8.2.jar:/home/quang2652001/.m2/repository/org/mockito/mockito-core/4.5.1/mockito-core-4.5.1.jar:/home/quang2652001/.m2/repository/net/bytebuddy/byte-buddy-agent/1.12.10/byte-buddy-agent-1.12.10.jar:/home/quang2652001/.m2/repository/org/objenesis/objenesis/3.2/objenesis-3.2.jar:/home/quang2652001/.m2/repository/org/mockito/mockito-junit-jupiter/4.5.1/mockito-junit-jupiter-4.5.1.jar:/home/quang2652001/.m2/repository/org/skyscreamer/jsonassert/1.5.0/jsonassert-1.5.0.jar:/home/quang2652001/.m2/repository/com/vaadin/external/google/android-json/0.0.20131108.vaadin1/android-json-0.0.20131108.vaadin1.jar:/home/quang2652001/.m2/repository/org/springframework/spring-core/5.3.20/spring-core-5.3.20.jar:/home/quang2652001/.m2/repository/org/springframework/spring-jcl/5.3.20/spring-jcl-5.3.20.jar:/home/quang2652001/.m2/repository/org/springframework/spring-test/5.3.20/spring-test-5.3.20.jar:/home/quang2652001/.m2/repository/org/xmlunit/xmlunit-core/2.9.0/xmlunit-core-2.9.0.jar:/home/quang2652001/.m2/repository/com/lca/core-analyzer-lib/1.0-SNAPSHOT/core-analyzer-lib-1.0-SNAPSHOT.jar:/home/quang2652001/.m2/repository/fr/inria/gforge/spoon/spoon-core/10.0.0/spoon-core-10.0.0.jar:/home/quang2652001/.m2/repository/org/eclipse/jdt/org.eclipse.jdt.core/3.27.0/org.eclipse.jdt.core-3.27.0.jar:/home/quang2652001/.m2/repository/com/martiansoftware/jsap/2.1/jsap-2.1.jar:/home/quang2652001/.m2/repository/org/slf4j/slf4j-api/1.7.36/slf4j-api-1.7.36.jar:/home/quang2652001/.m2/repository/commons-io/commons-io/2.11.0/commons-io-2.11.0.jar:/home/quang2652001/.m2/repository/org/apache/maven/maven-model/3.8.3/maven-model-3.8.3.jar:/home/quang2652001/.m2/repository/org/codehaus/plexus/plexus-utils/3.3.0/plexus-utils-3.3.0.jar:/home/quang2652001/.m2/repository/org/apache/commons/commons-lang3/3.12.0/commons-lang3-3.12.0.jar:/home/quang2652001/.m2/repository/com/fasterxml/jackson/core/jackson-databind/2.13.3/jackson-databind-2.13.3.jar:/home/quang2652001/.m2/repository/com/fasterxml/jackson/core/jackson-annotations/2.13.3/jackson-annotations-2.13.3.jar:/home/quang2652001/.m2/repository/com/fasterxml/jackson/core/jackson-core/2.13.3/jackson-core-2.13.3.jar:/home/quang2652001/.m2/repository/org/apache/commons/commons-compress/1.21/commons-compress-1.21.jar:/home/quang2652001/.m2/repository/org/apache/maven/shared/maven-invoker/3.1.0/maven-invoker-3.1.0.jar:/home/quang2652001/.m2/repository/org/apache/maven/shared/maven-shared-utils/3.3.3/maven-shared-utils-3.3.3.jar:/home/quang2652001/.m2/repository/javax/inject/javax.inject/1/javax.inject-1.jar:/home/quang2652001/.m2/repository/org/eclipse/jgit/org.eclipse.jgit/6.5.0.202303070854-r/org.eclipse.jgit-6.5.0.202303070854-r.jar:/home/quang2652001/.m2/repository/com/googlecode/javaewah/JavaEWAH/1.1.13/JavaEWAH-1.1.13.jar:/home/quang2652001/.m2/repository/org/reflections/reflections/0.10.2/reflections-0.10.2.jar:/home/quang2652001/.m2/repository/org/javassist/javassist/3.28.0-GA/javassist-3.28.0-GA.jar:/home/quang2652001/.m2/repository/com/google/code/findbugs/jsr305/3.0.2/jsr305-3.0.2.jar:"/>
    <property name="java.vm.vendor" value="Amazon.com Inc."/>
    <property name="sun.arch.data.model" value="64"/>
    <property name="java.vendor.url" value="https://aws.amazon.com/corretto/"/>
    <property name="os.name" value="Linux"/>
    <property name="java.vm.specification.version" value="17"/>
    <property name="sun.java.launcher" value="SUN_STANDARD"/>
    <property name="user.country" value="US"/>
    <property name="sun.boot.library.path" value="/home/quang2652001/.sdkman/candidates/java/17.0.5-amzn/lib"/>
    <property name="sun.java.command" value="/home/quang2652001/Quang/self-study/analyzer-lca/analyzer-engine/target/surefire/surefirebooter7745607857357445091.jar /home/quang2652001/Quang/self-study/analyzer-lca/analyzer-engine/target/surefire 2023-06-06T22-11-31_548-jvmRun1 surefire6543264986111344150tmp surefire_04370657920322726764tmp"/>
    <property name="jdk.debug" value="release"/>
    <property name="surefire.test.class.path" value="/home/quang2652001/Quang/self-study/analyzer-lca/analyzer-engine/target/test-classes:/home/quang2652001/Quang/self-study/analyzer-lca/analyzer-engine/target/classes:/home/quang2652001/.m2/repository/org/springframework/boot/spring-boot-starter-actuator/2.7.0/spring-boot-starter-actuator-2.7.0.jar:/home/quang2652001/.m2/repository/org/springframework/boot/spring-boot-starter/2.7.0/spring-boot-starter-2.7.0.jar:/home/quang2652001/.m2/repository/org/springframework/boot/spring-boot/2.7.0/spring-boot-2.7.0.jar:/home/quang2652001/.m2/repository/org/springframework/boot/spring-boot-autoconfigure/2.7.0/spring-boot-autoconfigure-2.7.0.jar:/home/quang2652001/.m2/repository/org/springframework/boot/spring-boot-starter-logging/2.7.0/spring-boot-starter-logging-2.7.0.jar:/home/quang2652001/.m2/repository/ch/qos/logback/logback-classic/1.2.11/logback-classic-1.2.11.jar:/home/quang2652001/.m2/repository/ch/qos/logback/logback-core/1.2.11/logback-core-1.2.11.jar:/home/quang2652001/.m2/repository/org/apache/logging/log4j/log4j-to-slf4j/2.17.2/log4j-to-slf4j-2.17.2.jar:/home/quang2652001/.m2/repository/org/apache/logging/log4j/log4j-api/2.17.2/log4j-api-2.17.2.jar:/home/quang2652001/.m2/repository/org/slf4j/jul-to-slf4j/1.7.36/jul-to-slf4j-1.7.36.jar:/home/quang2652001/.m2/repository/jakarta/annotation/jakarta.annotation-api/1.3.5/jakarta.annotation-api-1.3.5.jar:/home/quang2652001/.m2/repository/org/yaml/snakeyaml/1.30/snakeyaml-1.30.jar:/home/quang2652001/.m2/repository/org/springframework/boot/spring-boot-actuator-autoconfigure/2.7.0/spring-boot-actuator-autoconfigure-2.7.0.jar:/home/quang2652001/.m2/repository/org/springframework/boot/spring-boot-actuator/2.7.0/spring-boot-actuator-2.7.0.jar:/home/quang2652001/.m2/repository/com/fasterxml/jackson/datatype/jackson-datatype-jsr310/2.13.3/jackson-datatype-jsr310-2.13.3.jar:/home/quang2652001/.m2/repository/io/micrometer/micrometer-core/1.9.0/micrometer-core-1.9.0.jar:/home/quang2652001/.m2/repository/org/hdrhistogram/HdrHistogram/2.1.12/HdrHistogram-2.1.12.jar:/home/quang2652001/.m2/repository/org/latencyutils/LatencyUtils/2.0.3/LatencyUtils-2.0.3.jar:/home/quang2652001/.m2/repository/org/springframework/boot/spring-boot-starter-data-jpa/2.7.0/spring-boot-starter-data-jpa-2.7.0.jar:/home/quang2652001/.m2/repository/org/springframework/boot/spring-boot-starter-aop/2.7.0/spring-boot-starter-aop-2.7.0.jar:/home/quang2652001/.m2/repository/org/springframework/spring-aop/5.3.20/spring-aop-5.3.20.jar:/home/quang2652001/.m2/repository/org/aspectj/aspectjweaver/1.9.7/aspectjweaver-1.9.7.jar:/home/quang2652001/.m2/repository/org/springframework/boot/spring-boot-starter-jdbc/2.7.0/spring-boot-starter-jdbc-2.7.0.jar:/home/quang2652001/.m2/repository/com/zaxxer/HikariCP/4.0.3/HikariCP-4.0.3.jar:/home/quang2652001/.m2/repository/org/springframework/spring-jdbc/5.3.20/spring-jdbc-5.3.20.jar:/home/quang2652001/.m2/repository/jakarta/transaction/jakarta.transaction-api/1.3.3/jakarta.transaction-api-1.3.3.jar:/home/quang2652001/.m2/repository/jakarta/persistence/jakarta.persistence-api/2.2.3/jakarta.persistence-api-2.2.3.jar:/home/quang2652001/.m2/repository/org/hibernate/hibernate-core/5.6.9.Final/hibernate-core-5.6.9.Final.jar:/home/quang2652001/.m2/repository/org/jboss/logging/jboss-logging/3.4.3.Final/jboss-logging-3.4.3.Final.jar:/home/quang2652001/.m2/repository/net/bytebuddy/byte-buddy/1.12.10/byte-buddy-1.12.10.jar:/home/quang2652001/.m2/repository/antlr/antlr/2.7.7/antlr-2.7.7.jar:/home/quang2652001/.m2/repository/org/jboss/jandex/2.4.2.Final/jandex-2.4.2.Final.jar:/home/quang2652001/.m2/repository/com/fasterxml/classmate/1.5.1/classmate-1.5.1.jar:/home/quang2652001/.m2/repository/org/hibernate/common/hibernate-commons-annotations/5.1.2.Final/hibernate-commons-annotations-5.1.2.Final.jar:/home/quang2652001/.m2/repository/org/glassfish/jaxb/jaxb-runtime/2.3.6/jaxb-runtime-2.3.6.jar:/home/quang2652001/.m2/repository/org/glassfish/jaxb/txw2/2.3.6/txw2-2.3.6.jar:/home/quang2652001/.m2/repository/com/sun/istack/istack-commons-runtime/3.0.12/istack-commons-runtime-3.0.12.jar:/home/quang2652001/.m2/repository/com/sun/activation/jakarta.activation/1.2.2/jakarta.activation-1.2.2.jar:/home/quang2652001/.m2/repository/org/springframework/data/spring-data-jpa/2.7.0/spring-data-jpa-2.7.0.jar:/home/quang2652001/.m2/repository/org/springframework/data/spring-data-commons/2.7.0/spring-data-commons-2.7.0.jar:/home/quang2652001/.m2/repository/org/springframework/spring-orm/5.3.20/spring-orm-5.3.20.jar:/home/quang2652001/.m2/repository/org/springframework/spring-context/5.3.20/spring-context-5.3.20.jar:/home/quang2652001/.m2/repository/org/springframework/spring-expression/5.3.20/spring-expression-5.3.20.jar:/home/quang2652001/.m2/repository/org/springframework/spring-tx/5.3.20/spring-tx-5.3.20.jar:/home/quang2652001/.m2/repository/org/springframework/spring-beans/5.3.20/spring-beans-5.3.20.jar:/home/quang2652001/.m2/repository/org/springframework/spring-aspects/5.3.20/spring-aspects-5.3.20.jar:/home/quang2652001/.m2/repository/com/h2database/h2/2.1.212/h2-2.1.212.jar:/home/quang2652001/.m2/repository/org/postgresql/postgresql/42.3.5/postgresql-42.3.5.jar:/home/quang2652001/.m2/repository/org/checkerframework/checker-qual/3.5.0/checker-qual-3.5.0.jar:/home/quang2652001/.m2/repository/org/springframework/boot/spring-boot-starter-test/2.7.0/spring-boot-starter-test-2.7.0.jar:/home/quang2652001/.m2/repository/org/springframework/boot/spring-boot-test/2.7.0/spring-boot-test-2.7.0.jar:/home/quang2652001/.m2/repository/org/springframework/boot/spring-boot-test-autoconfigure/2.7.0/spring-boot-test-autoconfigure-2.7.0.jar:/home/quang2652001/.m2/repository/com/jayway/jsonpath/json-path/2.7.0/json-path-2.7.0.jar:/home/quang2652001/.m2/repository/net/minidev/json-smart/2.4.8/json-smart-2.4.8.jar:/home/quang2652001/.m2/repository/net/minidev/accessors-smart/2.4.8/accessors-smart-2.4.8.jar:/home/quang2652001/.m2/repository/org/ow2/asm/asm/9.1/asm-9.1.jar:/home/quang2652001/.m2/repository/jakarta/xml/bind/jakarta.xml.bind-api/2.3.3/jakarta.xml.bind-api-2.3.3.jar:/home/quang2652001/.m2/repository/jakarta/activation/jakarta.activation-api/1.2.2/jakarta.activation-api-1.2.2.jar:/home/quang2652001/.m2/repository/org/assertj/assertj-core/3.22.0/assertj-core-3.22.0.jar:/home/quang2652001/.m2/repository/org/hamcrest/hamcrest/2.2/hamcrest-2.2.jar:/home/quang2652001/.m2/repository/org/junit/jupiter/junit-jupiter/5.8.2/junit-jupiter-5.8.2.jar:/home/quang2652001/.m2/repository/org/junit/jupiter/junit-jupiter-api/5.8.2/junit-jupiter-api-5.8.2.jar:/home/quang2652001/.m2/repository/org/opentest4j/opentest4j/1.2.0/opentest4j-1.2.0.jar:/home/quang2652001/.m2/repository/org/junit/platform/junit-platform-commons/1.8.2/junit-platform-commons-1.8.2.jar:/home/quang2652001/.m2/repository/org/apiguardian/apiguardian-api/1.1.2/apiguardian-api-1.1.2.jar:/home/quang2652001/.m2/repository/org/junit/jupiter/junit-jupiter-params/5.8.2/junit-jupiter-params-5.8.2.jar:/home/quang2652001/.m2/repository/org/junit/jupiter/junit-jupiter-engine/5.8.2/junit-jupiter-engine-5.8.2.jar:/home/quang2652001/.m2/repository/org/junit/platform/junit-platform-engine/1.8.2/junit-platform-engine-1.8.2.jar:/home/quang2652001/.m2/repository/org/mockito/mockito-core/4.5.1/mockito-core-4.5.1.jar:/home/quang2652001/.m2/repository/net/bytebuddy/byte-buddy-agent/1.12.10/byte-buddy-agent-1.12.10.jar:/home/quang2652001/.m2/repository/org/objenesis/objenesis/3.2/objenesis-3.2.jar:/home/quang2652001/.m2/repository/org/mockito/mockito-junit-jupiter/4.5.1/mockito-junit-jupiter-4.5.1.jar:/home/quang2652001/.m2/repository/org/skyscreamer/jsonassert/1.5.0/jsonassert-1.5.0.jar:/home/quang2652001/.m2/repository/com/vaadin/external/google/android-json/0.0.20131108.vaadin1/android-json-0.0.20131108.vaadin1.jar:/home/quang2652001/.m2/repository/org/springframework/spring-core/5.3.20/spring-core-5.3.20.jar:/home/quang2652001/.m2/repository/org/springframework/spring-jcl/5.3.20/spring-jcl-5.3.20.jar:/home/quang2652001/.m2/repository/org/springframework/spring-test/5.3.20/spring-test-5.3.20.jar:/home/quang2652001/.m2/repository/org/xmlunit/xmlunit-core/2.9.0/xmlunit-core-2.9.0.jar:/home/quang2652001/.m2/repository/com/lca/core-analyzer-lib/1.0-SNAPSHOT/core-analyzer-lib-1.0-SNAPSHOT.jar:/home/quang2652001/.m2/repository/fr/inria/gforge/spoon/spoon-core/10.0.0/spoon-core-10.0.0.jar:/home/quang2652001/.m2/repository/org/eclipse/jdt/org.eclipse.jdt.core/3.27.0/org.eclipse.jdt.core-3.27.0.jar:/home/quang2652001/.m2/repository/com/martiansoftware/jsap/2.1/jsap-2.1.jar:/home/quang2652001/.m2/repository/org/slf4j/slf4j-api/1.7.36/slf4j-api-1.7.36.jar:/home/quang2652001/.m2/repository/commons-io/commons-io/2.11.0/commons-io-2.11.0.jar:/home/quang2652001/.m2/repository/org/apache/maven/maven-model/3.8.3/maven-model-3.8.3.jar:/home/quang2652001/.m2/repository/org/codehaus/plexus/plexus-utils/3.3.0/plexus-utils-3.3.0.jar:/home/quang2652001/.m2/repository/org/apache/commons/commons-lang3/3.12.0/commons-lang3-3.12.0.jar:/home/quang2652001/.m2/repository/com/fasterxml/jackson/core/jackson-databind/2.13.3/jackson-databind-2.13.3.jar:/home/quang2652001/.m2/repository/com/fasterxml/jackson/core/jackson-annotations/2.13.3/jackson-annotations-2.13.3.jar:/home/quang2652001/.m2/repository/com/fasterxml/jackson/core/jackson-core/2.13.3/jackson-core-2.13.3.jar:/home/quang2652001/.m2/repository/org/apache/commons/commons-compress/1.21/commons-compress-1.21.jar:/home/quang2652001/.m2/repository/org/apache/maven/shared/maven-invoker/3.1.0/maven-invoker-3.1.0.jar:/home/quang2652001/.m2/repository/org/apache/maven/shared/maven-shared-utils/3.3.3/maven-shared-utils-3.3.3.jar:/home/quang2652001/.m2/repository/javax/inject/javax.inject/1/javax.inject-1.jar:/home/quang2652001/.m2/repository/org/eclipse/jgit/org.eclipse.jgit/6.5.0.202303070854-r/org.eclipse.jgit-6.5.0.202303070854-r.jar:/home/quang2652001/.m2/repository/com/googlecode/javaewah/JavaEWAH/1.1.13/JavaEWAH-1.1.13.jar:/home/quang2652001/.m2/repository/org/reflections/reflections/0.10.2/reflections-0.10.2.jar:/home/quang2652001/.m2/repository/org/javassist/javassist/3.28.0-GA/javassist-3.28.0-GA.jar:/home/quang2652001/.m2/repository/com/google/code/findbugs/jsr305/3.0.2/jsr305-3.0.2.jar:"/>
    <property name="sun.cpu.endian" value="little"/>
    <property name="user.home" value="/home/quang2652001"/>
    <property name="user.language" value="en"/>
    <property name="java.specification.vendor" value="Oracle Corporation"/>
    <property name="java.version.date" value="2022-10-18"/>
    <property name="java.home" value="/home/quang2652001/.sdkman/candidates/java/17.0.5-amzn"/>
    <property name="file.separator" value="/"/>
    <property name="basedir" value="/home/quang2652001/Quang/self-study/analyzer-lca/analyzer-engine"/>
    <property name="java.vm.compressedOopsMode" value="Zero based"/>
    <property name="line.separator" value="&#10;"/>
    <property name="java.vm.specification.vendor" value="Oracle Corporation"/>
    <property name="java.specification.name" value="Java Platform API Specification"/>
    <property name="surefire.real.class.path" value="/home/quang2652001/Quang/self-study/analyzer-lca/analyzer-engine/target/surefire/surefirebooter7745607857357445091.jar"/>
    <property name="sun.management.compiler" value="HotSpot 64-Bit Tiered Compilers"/>
    <property name="java.runtime.version" value="17.0.5+8-LTS"/>
    <property name="user.name" value="quang2652001"/>
    <property name="path.separator" value=":"/>
    <property name="os.version" value="5.19.0-43-generic"/>
    <property name="java.runtime.name" value="OpenJDK Runtime Environment"/>
    <property name="file.encoding" value="UTF-8"/>
    <property name="java.vm.name" value="OpenJDK 64-Bit Server VM"/>
    <property name="java.vendor.version" value="Corretto-17.0.5.8.1"/>
    <property name="localRepository" value="/home/quang2652001/.m2/repository"/>
    <property name="java.vendor.url.bug" value="https://github.com/corretto/corretto-17/issues/"/>
    <property name="java.io.tmpdir" value="/tmp"/>
    <property name="java.version" value="17.0.5"/>
    <property name="user.dir" value="/home/quang2652001/Quang/self-study/analyzer-lca/analyzer-engine"/>
    <property name="os.arch" value="amd64"/>
    <property name="java.vm.specification.name" value="Java Virtual Machine Specification"/>
    <property name="native.encoding" value="UTF-8"/>
    <property name="java.library.path" value="/usr/java/packages/lib:/usr/lib64:/lib64:/lib:/usr/lib"/>
    <property name="java.vm.info" value="mixed mode, sharing"/>
    <property name="java.vendor" value="Amazon.com Inc."/>
    <property name="java.vm.version" value="17.0.5+8-LTS"/>
    <property name="sun.io.unicode.encoding" value="UnicodeLittle"/>
    <property name="java.class.version" value="61.0"/>
  </properties>
  <testcase name="contextLoads" classname="com.lca.analyzerlcaspring.AnalyzerLcaSpringApplicationTests" time="0.096"/>
</testsuite>